<?xml version="1.0" encoding="utf-8"?><testsuites name="pytest tests"><testsuite name="pytest" errors="0" failures="0" skipped="0" tests="8" time="1.182" timestamp="2026-05-17T11:15:51.582298+00:00" hostname="agent-env-3088bb20-6ad4-4ad8-9270-cf3dea872526"><testcase classname="backend.tests.test_brandmefy_api.TestRoot" name="test_root_returns_brandmefy_message" time="0.239" /><testcase classname="backend.tests.test_brandmefy_api.TestContactValidation" name="test_missing_required_returns_422" time="0.045" /><testcase classname="backend.tests.test_brandmefy_api.TestContactValidation" name="test_invalid_email_returns_422" time="0.051" /><testcase classname="backend.tests.test_brandmefy_api.TestContactValidation" name="test_empty_name_returns_422" time="0.052" /><testcase classname="backend.tests.test_brandmefy_api.TestContactValidation" name="test_empty_message_returns_422" time="0.045" /><testcase classname="backend.tests.test_brandmefy_api.TestContactSubmission" name="test_valid_contact_returns_200_and_persists" time="0.368" /><testcase classname="backend.tests.test_brandmefy_api.TestContactSubmission" name="test_optional_company_allowed" time="0.271" /><testcase classname="backend.tests.test_brandmefy_api.TestContactList" name="test_list_returns_array_without_mongo_id" time="0.045" /></testsuite></testsuites>